<?xml version="1.0" encoding="UTF-8"?>
<!-- Generated by org.testng.reporters.JUnitReportReporter -->
<testsuite hostname="DESKTOP-6UJ2TDL" failures="0" tests="3" name="api_tests.customer" time="2.478" errors="0" timestamp="2024-03-19T02:52:08 EDT" skipped="0">
  <testcase classname="api_tests.customer" name="login_test" time="2.089"/>
  <testcase classname="api_tests.customer" name="delete_customer" time="0.127"/>
  <testcase classname="api_tests.customer" name="craete_static_customer" time="0.262"/>
</testsuite> <!-- api_tests.customer -->
