<?xml version="1.0" encoding="UTF-8"?>
<!-- Generated by org.testng.reporters.JUnitReportReporter -->
<testsuite hostname="DESKTOP-6UJ2TDL" failures="0" tests="4" name="api_test.Items_management_api" time="6.560" errors="0" timestamp="2024-03-09T12:33:35 EST" skipped="0">
  <testcase classname="api_test.Items_management_api" name="update_item" time="0.895"/>
  <testcase classname="api_test.Items_management_api" name="login_test" time="3.324"/>
  <testcase classname="api_test.Items_management_api" name="create_item" time="1.337"/>
  <testcase classname="api_test.Items_management_api" name="get_item" time="1.004"/>
</testsuite> <!-- api_test.Items_management_api -->
