<?xml version="1.0" encoding="UTF-8"?>
<!-- Generated by org.testng.reporters.JUnitReportReporter -->
<testsuite hostname="DESKTOP-6UJ2TDL" failures="0" tests="6" name="api_tests.Items_management_api" time="6.953" errors="0" timestamp="2024-03-13T21:47:01 EDT" skipped="0">
  <testcase classname="api_tests.Items_management_api" name="delete_item" time="0.238"/>
  <testcase classname="api_tests.Items_management_api" name="login_test" time="3.184"/>
  <testcase classname="api_tests.Items_management_api" name="create_item" time="1.139"/>
  <testcase classname="api_tests.Items_management_api" name="get_item" time="0.426"/>
  <testcase classname="api_tests.Items_management_api" name="list_all_items" time="1.682"/>
  <testcase classname="api_tests.Items_management_api" name="update_item" time="0.284"/>
</testsuite> <!-- api_tests.Items_management_api -->
