<?xml version="1.0" encoding="UTF-8"?>
<!-- Generated by org.testng.reporters.JUnitReportReporter -->
<testsuite hostname="DESKTOP-6UJ2TDL" failures="0" tests="6" name="api_tests.Items_management_api" time="7.338" errors="0" timestamp="2024-03-19T11:34:05 EDT" skipped="0">
  <testcase classname="api_tests.Items_management_api" name="login_test" time="3.471"/>
  <testcase classname="api_tests.Items_management_api" name="create_item" time="0.978"/>
  <testcase classname="api_tests.Items_management_api" name="update_item" time="0.305"/>
  <testcase classname="api_tests.Items_management_api" name="delete_item" time="0.342"/>
  <testcase classname="api_tests.Items_management_api" name="list_all_items" time="1.866"/>
  <testcase classname="api_tests.Items_management_api" name="get_item" time="0.376"/>
</testsuite> <!-- api_tests.Items_management_api -->
